[20:39:49] [ServerMain/INFO]: Building unoptimized datafixer
[20:39:50] [ServerMain/INFO]: Environment: authHost='https://authserver.mojang.com', accountsHost='https://api.mojang.com', sessionHost='https://sessionserver.mojang.com', servicesHost='https://api.minecraftservices.com', name='PROD'
[20:39:51] [ServerMain/INFO]: Loaded 7 recipes
[20:39:51] [ServerMain/INFO]: Loaded 1179 advancements
[20:39:52] [Server thread/INFO]: Starting minecraft server version 1.19.2
[20:39:52] [Server thread/INFO]: Loading properties
[20:39:52] [Server thread/INFO]: Default game type: SURVIVAL
[20:39:52] [Server thread/INFO]: Generating keypair
[20:39:52] [Server thread/INFO]: Starting Minecraft server on *:25565
[20:39:52] [Server thread/INFO]: Using epoll channel type
[20:39:52] [Server thread/WARN]: **** SERVER IS RUNNING IN OFFLINE/INSECURE MODE!
[20:39:52] [Server thread/WARN]: The server will make no attempt to authenticate usernames. Beware.
[20:39:52] [Server thread/WARN]: While this makes the game possible to play without internet access, it also opens up the ability for hackers to connect with any username they choose.
[20:39:52] [Server thread/WARN]: To change this, set "online-mode" to "true" in the server.properties file.
[20:39:52] [Server thread/INFO]: Preparing level "world"
[20:39:52] [Server thread/INFO]: Preparing start region for dimension minecraft:overworld
[20:39:56] [Worker-Main-3/INFO]: Preparing spawn area: 0%
[20:39:56] [Worker-Main-1/INFO]: Preparing spawn area: 0%
[20:39:56] [Worker-Main-1/INFO]: Preparing spawn area: 0%
[20:39:56] [Worker-Main-1/INFO]: Preparing spawn area: 0%
[20:39:56] [Worker-Main-1/INFO]: Preparing spawn area: 0%
[20:39:56] [Worker-Main-3/INFO]: Preparing spawn area: 0%
[20:39:56] [Worker-Main-3/INFO]: Preparing spawn area: 0%
[20:39:56] [Worker-Main-1/INFO]: Preparing spawn area: 0%
[20:39:56] [Worker-Main-3/INFO]: Preparing spawn area: 1%
[20:39:57] [Worker-Main-3/INFO]: Preparing spawn area: 56%
[20:39:57] [Server thread/INFO]: Time elapsed: 4981 ms
[20:39:57] [Server thread/INFO]: Done (5.168s)! For help, type "help"
[20:40:49] [Server thread/INFO]: Stopping the server
[20:40:49] [Server thread/INFO]: Stopping server
[20:40:49] [Server thread/INFO]: Saving players
[20:40:49] [Server thread/INFO]: Saving worlds
[20:40:50] [Server thread/INFO]: Saving chunks for level 'ServerLevel[world]'/minecraft:overworld
[20:40:50] [Server thread/INFO]: Saving chunks for level 'ServerLevel[world]'/minecraft:the_end
[20:40:50] [Server thread/INFO]: Saving chunks for level 'ServerLevel[world]'/minecraft:the_nether
[20:40:50] [Server thread/INFO]: ThreadedAnvilChunkStorage (world): All chunks are saved
[20:40:50] [Server thread/INFO]: ThreadedAnvilChunkStorage (DIM1): All chunks are saved
[20:40:50] [Server thread/INFO]: ThreadedAnvilChunkStorage (DIM-1): All chunks are saved
[20:40:50] [Server thread/INFO]: ThreadedAnvilChunkStorage: All dimensions are saved
